<?xml version="1.0" encoding="UTF-8"?>
<testng-results skipped="0" failed="8" ignored="12" total="52" passed="32">
  <reporter-output>
  </reporter-output>
  <suite name="Suite" duration-ms="538584" started-at="2023-05-25T17:59:00 IST" finished-at="2023-05-25T18:07:59 IST">
    <groups>
    </groups>
    <test name="Test" duration-ms="538584" started-at="2023-05-25T17:59:00 IST" finished-at="2023-05-25T18:07:59 IST">
      <class name="bestbuy.testcases.SearchBarTestCase">
        <test-method status="PASS" signature="beforClass()[pri:0, instance:bestbuy.testcases.SearchBarTestCase@87f383f]" name="beforClass" is-config="true" duration-ms="2" started-at="2023-05-25T18:05:05 IST" finished-at="2023-05-25T18:05:05 IST">
          <reporter-output>
          </reporter-output>
        </test-method> <!-- beforClass -->
        <test-method status="PASS" signature="tc001_cart_flow()[pri:0, instance:bestbuy.testcases.SearchBarTestCase@87f383f]" name="tc001_cart_flow" duration-ms="12859" started-at="2023-05-25T18:05:05 IST" finished-at="2023-05-25T18:05:18 IST">
          <reporter-output>
          </reporter-output>
        </test-method> <!-- tc001_cart_flow -->
      </class> <!-- bestbuy.testcases.SearchBarTestCase -->
      <class name="bestbuy.testcases.MenuBarDealsTestCases">
        <test-method status="PASS" signature="beforClass()[pri:0, instance:bestbuy.testcases.MenuBarDealsTestCases@63440df3]" name="beforClass" is-config="true" duration-ms="10" started-at="2023-05-25T18:00:31 IST" finished-at="2023-05-25T18:00:31 IST">
          <reporter-output>
          </reporter-output>
        </test-method> <!-- beforClass -->
        <test-method status="PASS" signature="tc001_Deals_TopDeals_flow()[pri:0, instance:bestbuy.testcases.MenuBarDealsTestCases@63440df3]" name="tc001_Deals_TopDeals_flow" duration-ms="5340" started-at="2023-05-25T18:00:31 IST" finished-at="2023-05-25T18:00:36 IST">
          <reporter-output>
          </reporter-output>
        </test-method> <!-- tc001_Deals_TopDeals_flow -->
        <test-method status="PASS" signature="tc002_Deals_DealOfTheDay_flow()[pri:0, instance:bestbuy.testcases.MenuBarDealsTestCases@63440df3]" name="tc002_Deals_DealOfTheDay_flow" duration-ms="6248" started-at="2023-05-25T18:00:36 IST" finished-at="2023-05-25T18:00:42 IST">
          <reporter-output>
          </reporter-output>
        </test-method> <!-- tc002_Deals_DealOfTheDay_flow -->
        <test-method status="PASS" signature="tc003_Deals_ToralTechMemberOffers_flow()[pri:0, instance:bestbuy.testcases.MenuBarDealsTestCases@63440df3]" name="tc003_Deals_ToralTechMemberOffers_flow" duration-ms="8477" started-at="2023-05-25T18:00:42 IST" finished-at="2023-05-25T18:00:51 IST">
          <reporter-output>
          </reporter-output>
        </test-method> <!-- tc003_Deals_ToralTechMemberOffers_flow -->
        <test-method status="PASS" signature="tc004_Deals_appleshoppingevent_flow()[pri:0, instance:bestbuy.testcases.MenuBarDealsTestCases@63440df3]" name="tc004_Deals_appleshoppingevent_flow" duration-ms="5352" started-at="2023-05-25T18:00:51 IST" finished-at="2023-05-25T18:00:56 IST">
          <reporter-output>
          </reporter-output>
        </test-method> <!-- tc004_Deals_appleshoppingevent_flow -->
        <test-method status="PASS" signature="tc004_Deals_bestbyoutlet_flow()[pri:0, instance:bestbuy.testcases.MenuBarDealsTestCases@63440df3]" name="tc004_Deals_bestbyoutlet_flow" duration-ms="5636" started-at="2023-05-25T18:00:56 IST" finished-at="2023-05-25T18:01:02 IST">
          <reporter-output>
          </reporter-output>
        </test-method> <!-- tc004_Deals_bestbyoutlet_flow -->
        <test-method status="PASS" signature="tc004_Deals_giftideas_flow()[pri:0, instance:bestbuy.testcases.MenuBarDealsTestCases@63440df3]" name="tc004_Deals_giftideas_flow" duration-ms="11901" started-at="2023-05-25T18:01:02 IST" finished-at="2023-05-25T18:01:14 IST">
          <reporter-output>
          </reporter-output>
        </test-method> <!-- tc004_Deals_giftideas_flow -->
      </class> <!-- bestbuy.testcases.MenuBarDealsTestCases -->
      <class name="bestbuy.testcases.DepartmentToCartTestCase">
        <test-method status="PASS" signature="beforClass()[pri:0, instance:bestbuy.testcases.DepartmentToCartTestCase@ed9d034]" name="beforClass" is-config="true" duration-ms="2" started-at="2023-05-25T18:04:39 IST" finished-at="2023-05-25T18:04:39 IST">
          <reporter-output>
          </reporter-output>
        </test-method> <!-- beforClass -->
        <test-method status="PASS" signature="AddToCartByDepartment()[pri:0, instance:bestbuy.testcases.DepartmentToCartTestCase@ed9d034]" name="AddToCartByDepartment" duration-ms="10831" started-at="2023-05-25T18:04:39 IST" finished-at="2023-05-25T18:04:50 IST">
          <reporter-output>
          </reporter-output>
        </test-method> <!-- AddToCartByDepartment -->
      </class> <!-- bestbuy.testcases.DepartmentToCartTestCase -->
      <class name="bestbuy.testcases.PaymentOptionTestCase">
        <test-method status="PASS" signature="beforClass()[pri:0, instance:bestbuy.testcases.PaymentOptionTestCase@612fc6eb]" name="beforClass" is-config="true" duration-ms="2" started-at="2023-05-25T18:06:22 IST" finished-at="2023-05-25T18:06:22 IST">
          <reporter-output>
          </reporter-output>
        </test-method> <!-- beforClass -->
        <test-method status="FAIL" signature="tc001_payment_flow()[pri:0, instance:bestbuy.testcases.PaymentOptionTestCase@612fc6eb]" name="tc001_payment_flow" duration-ms="96977" started-at="2023-05-25T18:06:22 IST" finished-at="2023-05-25T18:07:59 IST">
          <exception class="org.openqa.selenium.NoSuchElementException">
            <message>
              <![CDATA[no such element: Unable to locate element: {"method":"xpath","selector":"//a[text()='Lease to Own']"}
  (Session info: chrome=113.0.5672.127)
For documentation on this error, please visit: https://www.seleniumhq.org/exceptions/no_such_element.html
Build info: version: '3.141.59', revision: 'e82be7d358', time: '2018-11-14T08:17:03'
System info: host: 'DESKTOP-NKO2PM4', ip: '192.168.1.100', os.name: 'Windows 10', os.arch: 'amd64', os.version: '10.0', java.version: '1.8.0_202'
Driver info: org.openqa.selenium.chrome.ChromeDriver
Capabilities {acceptInsecureCerts: false, browserName: chrome, browserVersion: 113.0.5672.127, chrome: {chromedriverVersion: 113.0.5672.63 (0e1a4471d5ae..., userDataDir: C:\Users\admin\AppData\Loca...}, goog:chromeOptions: {debuggerAddress: localhost:62800}, javascriptEnabled: true, networkConnectionEnabled: false, pageLoadStrategy: normal, platform: WINDOWS, platformName: WINDOWS, proxy: Proxy(), setWindowRect: true, strictFileInteractability: false, timeouts: {implicit: 0, pageLoad: 300000, script: 30000}, unhandledPromptBehavior: dismiss and notify, webauthn:extension:credBlob: true, webauthn:extension:largeBlob: true, webauthn:extension:minPinLength: true, webauthn:extension:prf: true, webauthn:virtualAuthenticators: true}
Session ID: d6e638094156fd3ba48dbfe7cdf5ba8b
*** Element info: {Using=xpath, value=//a[text()='Lease to Own']}]]>
            </message>
            <full-stacktrace>
              <![CDATA[org.openqa.selenium.NoSuchElementException: no such element: Unable to locate element: {"method":"xpath","selector":"//a[text()='Lease to Own']"}
  (Session info: chrome=113.0.5672.127)
For documentation on this error, please visit: https://www.seleniumhq.org/exceptions/no_such_element.html
Build info: version: '3.141.59', revision: 'e82be7d358', time: '2018-11-14T08:17:03'
System info: host: 'DESKTOP-NKO2PM4', ip: '192.168.1.100', os.name: 'Windows 10', os.arch: 'amd64', os.version: '10.0', java.version: '1.8.0_202'
Driver info: org.openqa.selenium.chrome.ChromeDriver
Capabilities {acceptInsecureCerts: false, browserName: chrome, browserVersion: 113.0.5672.127, chrome: {chromedriverVersion: 113.0.5672.63 (0e1a4471d5ae..., userDataDir: C:\Users\admin\AppData\Loca...}, goog:chromeOptions: {debuggerAddress: localhost:62800}, javascriptEnabled: true, networkConnectionEnabled: false, pageLoadStrategy: normal, platform: WINDOWS, platformName: WINDOWS, proxy: Proxy(), setWindowRect: true, strictFileInteractability: false, timeouts: {implicit: 0, pageLoad: 300000, script: 30000}, unhandledPromptBehavior: dismiss and notify, webauthn:extension:credBlob: true, webauthn:extension:largeBlob: true, webauthn:extension:minPinLength: true, webauthn:extension:prf: true, webauthn:virtualAuthenticators: true}
Session ID: d6e638094156fd3ba48dbfe7cdf5ba8b
*** Element info: {Using=xpath, value=//a[text()='Lease to Own']}
at sun.reflect.NativeConstructorAccessorImpl.newInstance0(Native Method)
at sun.reflect.NativeConstructorAccessorImpl.newInstance(NativeConstructorAccessorImpl.java:62)
at sun.reflect.DelegatingConstructorAccessorImpl.newInstance(DelegatingConstructorAccessorImpl.java:45)
at java.lang.reflect.Constructor.newInstance(Constructor.java:423)
at org.openqa.selenium.remote.http.W3CHttpResponseCodec.createException(W3CHttpResponseCodec.java:187)
at org.openqa.selenium.remote.http.W3CHttpResponseCodec.decode(W3CHttpResponseCodec.java:122)
at org.openqa.selenium.remote.http.W3CHttpResponseCodec.decode(W3CHttpResponseCodec.java:49)
at org.openqa.selenium.remote.HttpCommandExecutor.execute(HttpCommandExecutor.java:158)
at org.openqa.selenium.remote.service.DriverCommandExecutor.execute(DriverCommandExecutor.java:83)
at org.openqa.selenium.remote.RemoteWebDriver.execute(RemoteWebDriver.java:552)
at org.openqa.selenium.remote.RemoteWebDriver.findElement(RemoteWebDriver.java:323)
at org.openqa.selenium.remote.RemoteWebDriver.findElementByXPath(RemoteWebDriver.java:428)
at org.openqa.selenium.By$ByXPath.findElement(By.java:353)
at org.openqa.selenium.remote.RemoteWebDriver.findElement(RemoteWebDriver.java:315)
at org.openqa.selenium.support.pagefactory.DefaultElementLocator.findElement(DefaultElementLocator.java:69)
at org.openqa.selenium.support.pagefactory.internal.LocatingElementHandler.invoke(LocatingElementHandler.java:38)
at com.sun.proxy.$Proxy9.click(Unknown Source)
at bestbuy.pages.PaymentOption.addPayment(PaymentOption.java:31)
at bestbuy.testcases.PaymentOptionTestCase.tc001_payment_flow(PaymentOptionTestCase.java:19)
at sun.reflect.NativeMethodAccessorImpl.invoke0(Native Method)
at sun.reflect.NativeMethodAccessorImpl.invoke(NativeMethodAccessorImpl.java:62)
at sun.reflect.DelegatingMethodAccessorImpl.invoke(DelegatingMethodAccessorImpl.java:43)
at java.lang.reflect.Method.invoke(Method.java:498)
at org.testng.internal.MethodInvocationHelper.invokeMethod(MethodInvocationHelper.java:133)
at org.testng.internal.TestInvoker.invokeMethod(TestInvoker.java:598)
at org.testng.internal.TestInvoker.invokeTestMethod(TestInvoker.java:173)
at org.testng.internal.MethodRunner.runInSequence(MethodRunner.java:46)
at org.testng.internal.TestInvoker$MethodInvocationAgent.invoke(TestInvoker.java:824)
at org.testng.internal.TestInvoker.invokeTestMethods(TestInvoker.java:146)
at org.testng.internal.TestMethodWorker.invokeTestMethods(TestMethodWorker.java:146)
at org.testng.internal.TestMethodWorker.run(TestMethodWorker.java:128)
at java.util.ArrayList.forEach(ArrayList.java:1257)
at org.testng.TestRunner.privateRun(TestRunner.java:794)
at org.testng.TestRunner.run(TestRunner.java:596)
at org.testng.SuiteRunner.runTest(SuiteRunner.java:377)
at org.testng.SuiteRunner.runSequentially(SuiteRunner.java:371)
at org.testng.SuiteRunner.privateRun(SuiteRunner.java:332)
at org.testng.SuiteRunner.run(SuiteRunner.java:276)
at org.testng.SuiteRunnerWorker.runSuite(SuiteRunnerWorker.java:53)
at org.testng.SuiteRunnerWorker.run(SuiteRunnerWorker.java:96)
at org.testng.TestNG.runSuitesSequentially(TestNG.java:1212)
at org.testng.TestNG.runSuitesLocally(TestNG.java:1134)
at org.testng.TestNG.runSuites(TestNG.java:1063)
at org.testng.TestNG.run(TestNG.java:1031)
at org.testng.remote.AbstractRemoteTestNG.run(AbstractRemoteTestNG.java:115)
at org.testng.remote.RemoteTestNG.initAndRun(RemoteTestNG.java:251)
at org.testng.remote.RemoteTestNG.main(RemoteTestNG.java:77)
]]>
            </full-stacktrace>
          </exception> <!-- org.openqa.selenium.NoSuchElementException -->
          <reporter-output>
          </reporter-output>
        </test-method> <!-- tc001_payment_flow -->
      </class> <!-- bestbuy.testcases.PaymentOptionTestCase -->
      <class name="bestbuy.testcases.HomeTestCase">
        <test-method status="PASS" signature="start()[pri:0, instance:bestbuy.testcases.HomeTestCase@13c27452]" name="start" is-config="true" duration-ms="5352" started-at="2023-05-25T17:58:55 IST" finished-at="2023-05-25T17:59:00 IST">
          <reporter-output>
          </reporter-output>
        </test-method> <!-- start -->
        <test-method status="PASS" signature="beforeClass()[pri:0, instance:bestbuy.testcases.HomeTestCase@13c27452]" name="beforeClass" is-config="true" duration-ms="46" started-at="2023-05-25T17:59:00 IST" finished-at="2023-05-25T17:59:00 IST">
          <reporter-output>
          </reporter-output>
        </test-method> <!-- beforeClass -->
        <test-method status="PASS" signature="tc001_home_flow()[pri:0, instance:bestbuy.testcases.HomeTestCase@13c27452]" name="tc001_home_flow" duration-ms="7906" started-at="2023-05-25T17:59:00 IST" finished-at="2023-05-25T17:59:08 IST">
          <reporter-output>
          </reporter-output>
        </test-method> <!-- tc001_home_flow -->
      </class> <!-- bestbuy.testcases.HomeTestCase -->
      <class name="bestbuy.testcases.BottomLinksTestCase">
        <test-method status="PASS" signature="beforeClass()[pri:0, instance:bestbuy.testcases.BottomLinksTestCase@eafc191]" name="beforeClass" is-config="true" duration-ms="2" started-at="2023-05-25T18:05:32 IST" finished-at="2023-05-25T18:05:32 IST">
          <reporter-output>
          </reporter-output>
        </test-method> <!-- beforeClass -->
        <test-method status="FAIL" signature="tc001_bottom_flow()[pri:0, instance:bestbuy.testcases.BottomLinksTestCase@eafc191]" name="tc001_bottom_flow" duration-ms="50066" started-at="2023-05-25T18:05:32 IST" finished-at="2023-05-25T18:06:22 IST">
          <exception class="org.openqa.selenium.ElementNotInteractableException">
            <message>
              <![CDATA[element not interactable
  (Session info: chrome=113.0.5672.127)
Build info: version: '3.141.59', revision: 'e82be7d358', time: '2018-11-14T08:17:03'
System info: host: 'DESKTOP-NKO2PM4', ip: '192.168.1.100', os.name: 'Windows 10', os.arch: 'amd64', os.version: '10.0', java.version: '1.8.0_202'
Driver info: org.openqa.selenium.chrome.ChromeDriver
Capabilities {acceptInsecureCerts: false, browserName: chrome, browserVersion: 113.0.5672.127, chrome: {chromedriverVersion: 113.0.5672.63 (0e1a4471d5ae..., userDataDir: C:\Users\admin\AppData\Loca...}, goog:chromeOptions: {debuggerAddress: localhost:62800}, javascriptEnabled: true, networkConnectionEnabled: false, pageLoadStrategy: normal, platform: WINDOWS, platformName: WINDOWS, proxy: Proxy(), setWindowRect: true, strictFileInteractability: false, timeouts: {implicit: 0, pageLoad: 300000, script: 30000}, unhandledPromptBehavior: dismiss and notify, webauthn:extension:credBlob: true, webauthn:extension:largeBlob: true, webauthn:extension:minPinLength: true, webauthn:extension:prf: true, webauthn:virtualAuthenticators: true}
Session ID: d6e638094156fd3ba48dbfe7cdf5ba8b]]>
            </message>
            <full-stacktrace>
              <![CDATA[org.openqa.selenium.ElementNotInteractableException: element not interactable
  (Session info: chrome=113.0.5672.127)
Build info: version: '3.141.59', revision: 'e82be7d358', time: '2018-11-14T08:17:03'
System info: host: 'DESKTOP-NKO2PM4', ip: '192.168.1.100', os.name: 'Windows 10', os.arch: 'amd64', os.version: '10.0', java.version: '1.8.0_202'
Driver info: org.openqa.selenium.chrome.ChromeDriver
Capabilities {acceptInsecureCerts: false, browserName: chrome, browserVersion: 113.0.5672.127, chrome: {chromedriverVersion: 113.0.5672.63 (0e1a4471d5ae..., userDataDir: C:\Users\admin\AppData\Loca...}, goog:chromeOptions: {debuggerAddress: localhost:62800}, javascriptEnabled: true, networkConnectionEnabled: false, pageLoadStrategy: normal, platform: WINDOWS, platformName: WINDOWS, proxy: Proxy(), setWindowRect: true, strictFileInteractability: false, timeouts: {implicit: 0, pageLoad: 300000, script: 30000}, unhandledPromptBehavior: dismiss and notify, webauthn:extension:credBlob: true, webauthn:extension:largeBlob: true, webauthn:extension:minPinLength: true, webauthn:extension:prf: true, webauthn:virtualAuthenticators: true}
Session ID: d6e638094156fd3ba48dbfe7cdf5ba8b
at sun.reflect.NativeConstructorAccessorImpl.newInstance0(Native Method)
at sun.reflect.NativeConstructorAccessorImpl.newInstance(NativeConstructorAccessorImpl.java:62)
at sun.reflect.DelegatingConstructorAccessorImpl.newInstance(DelegatingConstructorAccessorImpl.java:45)
at java.lang.reflect.Constructor.newInstance(Constructor.java:423)
at org.openqa.selenium.remote.http.W3CHttpResponseCodec.createException(W3CHttpResponseCodec.java:187)
at org.openqa.selenium.remote.http.W3CHttpResponseCodec.decode(W3CHttpResponseCodec.java:122)
at org.openqa.selenium.remote.http.W3CHttpResponseCodec.decode(W3CHttpResponseCodec.java:49)
at org.openqa.selenium.remote.HttpCommandExecutor.execute(HttpCommandExecutor.java:158)
at org.openqa.selenium.remote.service.DriverCommandExecutor.execute(DriverCommandExecutor.java:83)
at org.openqa.selenium.remote.RemoteWebDriver.execute(RemoteWebDriver.java:552)
at org.openqa.selenium.remote.RemoteWebElement.execute(RemoteWebElement.java:285)
at org.openqa.selenium.remote.RemoteWebElement.click(RemoteWebElement.java:84)
at sun.reflect.GeneratedMethodAccessor2.invoke(Unknown Source)
at sun.reflect.DelegatingMethodAccessorImpl.invoke(DelegatingMethodAccessorImpl.java:43)
at java.lang.reflect.Method.invoke(Method.java:498)
at org.openqa.selenium.support.pagefactory.internal.LocatingElementHandler.invoke(LocatingElementHandler.java:51)
at com.sun.proxy.$Proxy9.click(Unknown Source)
at bestbuy.pages.AddBottomLinks.bottomLinks(AddBottomLinks.java:43)
at bestbuy.testcases.BottomLinksTestCase.tc001_bottom_flow(BottomLinksTestCase.java:19)
at sun.reflect.NativeMethodAccessorImpl.invoke0(Native Method)
at sun.reflect.NativeMethodAccessorImpl.invoke(NativeMethodAccessorImpl.java:62)
at sun.reflect.DelegatingMethodAccessorImpl.invoke(DelegatingMethodAccessorImpl.java:43)
at java.lang.reflect.Method.invoke(Method.java:498)
at org.testng.internal.MethodInvocationHelper.invokeMethod(MethodInvocationHelper.java:133)
at org.testng.internal.TestInvoker.invokeMethod(TestInvoker.java:598)
at org.testng.internal.TestInvoker.invokeTestMethod(TestInvoker.java:173)
at org.testng.internal.MethodRunner.runInSequence(MethodRunner.java:46)
at org.testng.internal.TestInvoker$MethodInvocationAgent.invoke(TestInvoker.java:824)
at org.testng.internal.TestInvoker.invokeTestMethods(TestInvoker.java:146)
at org.testng.internal.TestMethodWorker.invokeTestMethods(TestMethodWorker.java:146)
at org.testng.internal.TestMethodWorker.run(TestMethodWorker.java:128)
at java.util.ArrayList.forEach(ArrayList.java:1257)
at org.testng.TestRunner.privateRun(TestRunner.java:794)
at org.testng.TestRunner.run(TestRunner.java:596)
at org.testng.SuiteRunner.runTest(SuiteRunner.java:377)
at org.testng.SuiteRunner.runSequentially(SuiteRunner.java:371)
at org.testng.SuiteRunner.privateRun(SuiteRunner.java:332)
at org.testng.SuiteRunner.run(SuiteRunner.java:276)
at org.testng.SuiteRunnerWorker.runSuite(SuiteRunnerWorker.java:53)
at org.testng.SuiteRunnerWorker.run(SuiteRunnerWorker.java:96)
at org.testng.TestNG.runSuitesSequentially(TestNG.java:1212)
at org.testng.TestNG.runSuitesLocally(TestNG.java:1134)
at org.testng.TestNG.runSuites(TestNG.java:1063)
at org.testng.TestNG.run(TestNG.java:1031)
at org.testng.remote.AbstractRemoteTestNG.run(AbstractRemoteTestNG.java:115)
at org.testng.remote.RemoteTestNG.initAndRun(RemoteTestNG.java:251)
at org.testng.remote.RemoteTestNG.main(RemoteTestNG.java:77)
]]>
            </full-stacktrace>
          </exception> <!-- org.openqa.selenium.ElementNotInteractableException -->
          <reporter-output>
          </reporter-output>
        </test-method> <!-- tc001_bottom_flow -->
      </class> <!-- bestbuy.testcases.BottomLinksTestCase -->
      <class name="bestbuy.testcases.BrokenLinksTestCases">
        <test-method status="PASS" signature="beforeClass()[pri:0, instance:bestbuy.testcases.BrokenLinksTestCases@77f99a05]" name="beforeClass" is-config="true" duration-ms="2" started-at="2023-05-25T18:00:20 IST" finished-at="2023-05-25T18:00:20 IST">
          <reporter-output>
          </reporter-output>
        </test-method> <!-- beforeClass -->
        <test-method status="FAIL" signature="tc001_broken_flow()[pri:0, instance:bestbuy.testcases.BrokenLinksTestCases@77f99a05]" name="tc001_broken_flow" duration-ms="10715" started-at="2023-05-25T18:00:20 IST" finished-at="2023-05-25T18:00:31 IST">
          <exception class="org.openqa.selenium.StaleElementReferenceException">
            <message>
              <![CDATA[stale element reference: stale element not found
  (Session info: chrome=113.0.5672.127)
For documentation on this error, please visit: https://www.seleniumhq.org/exceptions/stale_element_reference.html
Build info: version: '3.141.59', revision: 'e82be7d358', time: '2018-11-14T08:17:03'
System info: host: 'DESKTOP-NKO2PM4', ip: '192.168.1.100', os.name: 'Windows 10', os.arch: 'amd64', os.version: '10.0', java.version: '1.8.0_202'
Driver info: org.openqa.selenium.chrome.ChromeDriver
Capabilities {acceptInsecureCerts: false, browserName: chrome, browserVersion: 113.0.5672.127, chrome: {chromedriverVersion: 113.0.5672.63 (0e1a4471d5ae..., userDataDir: C:\Users\admin\AppData\Loca...}, goog:chromeOptions: {debuggerAddress: localhost:62800}, javascriptEnabled: true, networkConnectionEnabled: false, pageLoadStrategy: normal, platform: WINDOWS, platformName: WINDOWS, proxy: Proxy(), setWindowRect: true, strictFileInteractability: false, timeouts: {implicit: 0, pageLoad: 300000, script: 30000}, unhandledPromptBehavior: dismiss and notify, webauthn:extension:credBlob: true, webauthn:extension:largeBlob: true, webauthn:extension:minPinLength: true, webauthn:extension:prf: true, webauthn:virtualAuthenticators: true}
Session ID: d6e638094156fd3ba48dbfe7cdf5ba8b]]>
            </message>
            <full-stacktrace>
              <![CDATA[org.openqa.selenium.StaleElementReferenceException: stale element reference: stale element not found
  (Session info: chrome=113.0.5672.127)
For documentation on this error, please visit: https://www.seleniumhq.org/exceptions/stale_element_reference.html
Build info: version: '3.141.59', revision: 'e82be7d358', time: '2018-11-14T08:17:03'
System info: host: 'DESKTOP-NKO2PM4', ip: '192.168.1.100', os.name: 'Windows 10', os.arch: 'amd64', os.version: '10.0', java.version: '1.8.0_202'
Driver info: org.openqa.selenium.chrome.ChromeDriver
Capabilities {acceptInsecureCerts: false, browserName: chrome, browserVersion: 113.0.5672.127, chrome: {chromedriverVersion: 113.0.5672.63 (0e1a4471d5ae..., userDataDir: C:\Users\admin\AppData\Loca...}, goog:chromeOptions: {debuggerAddress: localhost:62800}, javascriptEnabled: true, networkConnectionEnabled: false, pageLoadStrategy: normal, platform: WINDOWS, platformName: WINDOWS, proxy: Proxy(), setWindowRect: true, strictFileInteractability: false, timeouts: {implicit: 0, pageLoad: 300000, script: 30000}, unhandledPromptBehavior: dismiss and notify, webauthn:extension:credBlob: true, webauthn:extension:largeBlob: true, webauthn:extension:minPinLength: true, webauthn:extension:prf: true, webauthn:virtualAuthenticators: true}
Session ID: d6e638094156fd3ba48dbfe7cdf5ba8b
at sun.reflect.NativeConstructorAccessorImpl.newInstance0(Native Method)
at sun.reflect.NativeConstructorAccessorImpl.newInstance(NativeConstructorAccessorImpl.java:62)
at sun.reflect.DelegatingConstructorAccessorImpl.newInstance(DelegatingConstructorAccessorImpl.java:45)
at java.lang.reflect.Constructor.newInstance(Constructor.java:423)
at org.openqa.selenium.remote.http.W3CHttpResponseCodec.createException(W3CHttpResponseCodec.java:187)
at org.openqa.selenium.remote.http.W3CHttpResponseCodec.decode(W3CHttpResponseCodec.java:122)
at org.openqa.selenium.remote.http.W3CHttpResponseCodec.decode(W3CHttpResponseCodec.java:49)
at org.openqa.selenium.remote.HttpCommandExecutor.execute(HttpCommandExecutor.java:158)
at org.openqa.selenium.remote.service.DriverCommandExecutor.execute(DriverCommandExecutor.java:83)
at org.openqa.selenium.remote.RemoteWebDriver.execute(RemoteWebDriver.java:552)
at org.openqa.selenium.remote.RemoteWebElement.execute(RemoteWebElement.java:285)
at org.openqa.selenium.remote.RemoteWebElement.getAttribute(RemoteWebElement.java:134)
at bestbuy.pages.BrokenLinks.brokenLinks(BrokenLinks.java:34)
at bestbuy.testcases.BrokenLinksTestCases.tc001_broken_flow(BrokenLinksTestCases.java:19)
at sun.reflect.NativeMethodAccessorImpl.invoke0(Native Method)
at sun.reflect.NativeMethodAccessorImpl.invoke(NativeMethodAccessorImpl.java:62)
at sun.reflect.DelegatingMethodAccessorImpl.invoke(DelegatingMethodAccessorImpl.java:43)
at java.lang.reflect.Method.invoke(Method.java:498)
at org.testng.internal.MethodInvocationHelper.invokeMethod(MethodInvocationHelper.java:133)
at org.testng.internal.TestInvoker.invokeMethod(TestInvoker.java:598)
at org.testng.internal.TestInvoker.invokeTestMethod(TestInvoker.java:173)
at org.testng.internal.MethodRunner.runInSequence(MethodRunner.java:46)
at org.testng.internal.TestInvoker$MethodInvocationAgent.invoke(TestInvoker.java:824)
at org.testng.internal.TestInvoker.invokeTestMethods(TestInvoker.java:146)
at org.testng.internal.TestMethodWorker.invokeTestMethods(TestMethodWorker.java:146)
at org.testng.internal.TestMethodWorker.run(TestMethodWorker.java:128)
at java.util.ArrayList.forEach(ArrayList.java:1257)
at org.testng.TestRunner.privateRun(TestRunner.java:794)
at org.testng.TestRunner.run(TestRunner.java:596)
at org.testng.SuiteRunner.runTest(SuiteRunner.java:377)
at org.testng.SuiteRunner.runSequentially(SuiteRunner.java:371)
at org.testng.SuiteRunner.privateRun(SuiteRunner.java:332)
at org.testng.SuiteRunner.run(SuiteRunner.java:276)
at org.testng.SuiteRunnerWorker.runSuite(SuiteRunnerWorker.java:53)
at org.testng.SuiteRunnerWorker.run(SuiteRunnerWorker.java:96)
at org.testng.TestNG.runSuitesSequentially(TestNG.java:1212)
at org.testng.TestNG.runSuitesLocally(TestNG.java:1134)
at org.testng.TestNG.runSuites(TestNG.java:1063)
at org.testng.TestNG.run(TestNG.java:1031)
at org.testng.remote.AbstractRemoteTestNG.run(AbstractRemoteTestNG.java:115)
at org.testng.remote.RemoteTestNG.initAndRun(RemoteTestNG.java:251)
at org.testng.remote.RemoteTestNG.main(RemoteTestNG.java:77)
]]>
            </full-stacktrace>
          </exception> <!-- org.openqa.selenium.StaleElementReferenceException -->
          <reporter-output>
          </reporter-output>
        </test-method> <!-- tc001_broken_flow -->
      </class> <!-- bestbuy.testcases.BrokenLinksTestCases -->
      <class name="bestbuy.testcases.MenuBarFeaturedTestCase">
        <test-method status="PASS" signature="beforClass()[pri:0, instance:bestbuy.testcases.MenuBarFeaturedTestCase@76a3e297]" name="beforClass" is-config="true" duration-ms="4" started-at="2023-05-25T18:01:52 IST" finished-at="2023-05-25T18:01:52 IST">
          <reporter-output>
          </reporter-output>
        </test-method> <!-- beforClass -->
        <test-method status="FAIL" signature="tc001_featured_aapiheritagemonth_flow()[pri:0, instance:bestbuy.testcases.MenuBarFeaturedTestCase@76a3e297]" name="tc001_featured_aapiheritagemonth_flow" duration-ms="50747" started-at="2023-05-25T18:01:52 IST" finished-at="2023-05-25T18:02:43 IST">
          <exception class="org.openqa.selenium.NoSuchElementException">
            <message>
              <![CDATA[no such element: Unable to locate element: {"method":"xpath","selector":"(//button[@class='c-button-unstyled top-four v-fw-medium'])[4]"}
  (Session info: chrome=113.0.5672.127)
For documentation on this error, please visit: https://www.seleniumhq.org/exceptions/no_such_element.html
Build info: version: '3.141.59', revision: 'e82be7d358', time: '2018-11-14T08:17:03'
System info: host: 'DESKTOP-NKO2PM4', ip: '192.168.1.100', os.name: 'Windows 10', os.arch: 'amd64', os.version: '10.0', java.version: '1.8.0_202'
Driver info: org.openqa.selenium.chrome.ChromeDriver
Capabilities {acceptInsecureCerts: false, browserName: chrome, browserVersion: 113.0.5672.127, chrome: {chromedriverVersion: 113.0.5672.63 (0e1a4471d5ae..., userDataDir: C:\Users\admin\AppData\Loca...}, goog:chromeOptions: {debuggerAddress: localhost:62800}, javascriptEnabled: true, networkConnectionEnabled: false, pageLoadStrategy: normal, platform: WINDOWS, platformName: WINDOWS, proxy: Proxy(), setWindowRect: true, strictFileInteractability: false, timeouts: {implicit: 0, pageLoad: 300000, script: 30000}, unhandledPromptBehavior: dismiss and notify, webauthn:extension:credBlob: true, webauthn:extension:largeBlob: true, webauthn:extension:minPinLength: true, webauthn:extension:prf: true, webauthn:virtualAuthenticators: true}
Session ID: d6e638094156fd3ba48dbfe7cdf5ba8b
*** Element info: {Using=xpath, value=(//button[@class='c-button-unstyled top-four v-fw-medium'])[4]}]]>
            </message>
            <full-stacktrace>
              <![CDATA[org.openqa.selenium.NoSuchElementException: no such element: Unable to locate element: {"method":"xpath","selector":"(//button[@class='c-button-unstyled top-four v-fw-medium'])[4]"}
  (Session info: chrome=113.0.5672.127)
For documentation on this error, please visit: https://www.seleniumhq.org/exceptions/no_such_element.html
Build info: version: '3.141.59', revision: 'e82be7d358', time: '2018-11-14T08:17:03'
System info: host: 'DESKTOP-NKO2PM4', ip: '192.168.1.100', os.name: 'Windows 10', os.arch: 'amd64', os.version: '10.0', java.version: '1.8.0_202'
Driver info: org.openqa.selenium.chrome.ChromeDriver
Capabilities {acceptInsecureCerts: false, browserName: chrome, browserVersion: 113.0.5672.127, chrome: {chromedriverVersion: 113.0.5672.63 (0e1a4471d5ae..., userDataDir: C:\Users\admin\AppData\Loca...}, goog:chromeOptions: {debuggerAddress: localhost:62800}, javascriptEnabled: true, networkConnectionEnabled: false, pageLoadStrategy: normal, platform: WINDOWS, platformName: WINDOWS, proxy: Proxy(), setWindowRect: true, strictFileInteractability: false, timeouts: {implicit: 0, pageLoad: 300000, script: 30000}, unhandledPromptBehavior: dismiss and notify, webauthn:extension:credBlob: true, webauthn:extension:largeBlob: true, webauthn:extension:minPinLength: true, webauthn:extension:prf: true, webauthn:virtualAuthenticators: true}
Session ID: d6e638094156fd3ba48dbfe7cdf5ba8b
*** Element info: {Using=xpath, value=(//button[@class='c-button-unstyled top-four v-fw-medium'])[4]}
at sun.reflect.NativeConstructorAccessorImpl.newInstance0(Native Method)
at sun.reflect.NativeConstructorAccessorImpl.newInstance(NativeConstructorAccessorImpl.java:62)
at sun.reflect.DelegatingConstructorAccessorImpl.newInstance(DelegatingConstructorAccessorImpl.java:45)
at java.lang.reflect.Constructor.newInstance(Constructor.java:423)
at org.openqa.selenium.remote.http.W3CHttpResponseCodec.createException(W3CHttpResponseCodec.java:187)
at org.openqa.selenium.remote.http.W3CHttpResponseCodec.decode(W3CHttpResponseCodec.java:122)
at org.openqa.selenium.remote.http.W3CHttpResponseCodec.decode(W3CHttpResponseCodec.java:49)
at org.openqa.selenium.remote.HttpCommandExecutor.execute(HttpCommandExecutor.java:158)
at org.openqa.selenium.remote.service.DriverCommandExecutor.execute(DriverCommandExecutor.java:83)
at org.openqa.selenium.remote.RemoteWebDriver.execute(RemoteWebDriver.java:552)
at org.openqa.selenium.remote.RemoteWebDriver.findElement(RemoteWebDriver.java:323)
at org.openqa.selenium.remote.RemoteWebDriver.findElementByXPath(RemoteWebDriver.java:428)
at org.openqa.selenium.By$ByXPath.findElement(By.java:353)
at org.openqa.selenium.remote.RemoteWebDriver.findElement(RemoteWebDriver.java:315)
at org.openqa.selenium.support.pagefactory.DefaultElementLocator.findElement(DefaultElementLocator.java:69)
at org.openqa.selenium.support.pagefactory.internal.LocatingElementHandler.invoke(LocatingElementHandler.java:38)
at com.sun.proxy.$Proxy9.click(Unknown Source)
at bestbuy.pages.AddAllMenu.clickMenuElements(AddAllMenu.java:153)
at bestbuy.testcases.MenuBarFeaturedTestCase.tc001_featured_aapiheritagemonth_flow(MenuBarFeaturedTestCase.java:30)
at sun.reflect.NativeMethodAccessorImpl.invoke0(Native Method)
at sun.reflect.NativeMethodAccessorImpl.invoke(NativeMethodAccessorImpl.java:62)
at sun.reflect.DelegatingMethodAccessorImpl.invoke(DelegatingMethodAccessorImpl.java:43)
at java.lang.reflect.Method.invoke(Method.java:498)
at org.testng.internal.MethodInvocationHelper.invokeMethod(MethodInvocationHelper.java:133)
at org.testng.internal.TestInvoker.invokeMethod(TestInvoker.java:598)
at org.testng.internal.TestInvoker.invokeTestMethod(TestInvoker.java:173)
at org.testng.internal.MethodRunner.runInSequence(MethodRunner.java:46)
at org.testng.internal.TestInvoker$MethodInvocationAgent.invoke(TestInvoker.java:824)
at org.testng.internal.TestInvoker.invokeTestMethods(TestInvoker.java:146)
at org.testng.internal.TestMethodWorker.invokeTestMethods(TestMethodWorker.java:146)
at org.testng.internal.TestMethodWorker.run(TestMethodWorker.java:128)
at java.util.ArrayList.forEach(ArrayList.java:1257)
at org.testng.TestRunner.privateRun(TestRunner.java:794)
at org.testng.TestRunner.run(TestRunner.java:596)
at org.testng.SuiteRunner.runTest(SuiteRunner.java:377)
at org.testng.SuiteRunner.runSequentially(SuiteRunner.java:371)
at org.testng.SuiteRunner.privateRun(SuiteRunner.java:332)
at org.testng.SuiteRunner.run(SuiteRunner.java:276)
at org.testng.SuiteRunnerWorker.runSuite(SuiteRunnerWorker.java:53)
at org.testng.SuiteRunnerWorker.run(SuiteRunnerWorker.java:96)
at org.testng.TestNG.runSuitesSequentially(TestNG.java:1212)
at org.testng.TestNG.runSuitesLocally(TestNG.java:1134)
at org.testng.TestNG.runSuites(TestNG.java:1063)
at org.testng.TestNG.run(TestNG.java:1031)
at org.testng.remote.AbstractRemoteTestNG.run(AbstractRemoteTestNG.java:115)
at org.testng.remote.RemoteTestNG.initAndRun(RemoteTestNG.java:251)
at org.testng.remote.RemoteTestNG.main(RemoteTestNG.java:77)
]]>
            </full-stacktrace>
          </exception> <!-- org.openqa.selenium.NoSuchElementException -->
          <reporter-output>
          </reporter-output>
        </test-method> <!-- tc001_featured_aapiheritagemonth_flow -->
        <test-method status="PASS" signature="tc002_featured_graduationgifts_flow()[pri:0, instance:bestbuy.testcases.MenuBarFeaturedTestCase@76a3e297]" name="tc002_featured_graduationgifts_flow" duration-ms="18577" started-at="2023-05-25T18:02:43 IST" finished-at="2023-05-25T18:03:02 IST">
          <reporter-output>
          </reporter-output>
        </test-method> <!-- tc002_featured_graduationgifts_flow -->
        <test-method status="FAIL" signature="tc003_featured_gearofcontentcreators_flow()[pri:0, instance:bestbuy.testcases.MenuBarFeaturedTestCase@76a3e297]" name="tc003_featured_gearofcontentcreators_flow" duration-ms="2181" started-at="2023-05-25T18:03:02 IST" finished-at="2023-05-25T18:03:04 IST">
          <exception class="java.lang.AssertionError">
            <message>
              <![CDATA[expected [www.bestbuy.com] but found [Content Creator Cameras, Lights & Mics - Best Buy]]]>
            </message>
            <full-stacktrace>
              <![CDATA[java.lang.AssertionError: expected [www.bestbuy.com] but found [Content Creator Cameras, Lights & Mics - Best Buy]
at org.testng.Assert.fail(Assert.java:99)
at org.testng.Assert.failNotEquals(Assert.java:1037)
at org.testng.Assert.assertEqualsImpl(Assert.java:140)
at org.testng.Assert.assertEquals(Assert.java:122)
at org.testng.Assert.assertEquals(Assert.java:629)
at org.testng.Assert.assertEquals(Assert.java:639)
at bestbuy.testcases.MenuBarFeaturedTestCase.tc003_featured_gearofcontentcreators_flow(MenuBarFeaturedTestCase.java:53)
at sun.reflect.NativeMethodAccessorImpl.invoke0(Native Method)
at sun.reflect.NativeMethodAccessorImpl.invoke(NativeMethodAccessorImpl.java:62)
at sun.reflect.DelegatingMethodAccessorImpl.invoke(DelegatingMethodAccessorImpl.java:43)
at java.lang.reflect.Method.invoke(Method.java:498)
at org.testng.internal.MethodInvocationHelper.invokeMethod(MethodInvocationHelper.java:133)
at org.testng.internal.TestInvoker.invokeMethod(TestInvoker.java:598)
at org.testng.internal.TestInvoker.invokeTestMethod(TestInvoker.java:173)
at org.testng.internal.MethodRunner.runInSequence(MethodRunner.java:46)
at org.testng.internal.TestInvoker$MethodInvocationAgent.invoke(TestInvoker.java:824)
at org.testng.internal.TestInvoker.invokeTestMethods(TestInvoker.java:146)
at org.testng.internal.TestMethodWorker.invokeTestMethods(TestMethodWorker.java:146)
at org.testng.internal.TestMethodWorker.run(TestMethodWorker.java:128)
at java.util.ArrayList.forEach(ArrayList.java:1257)
at org.testng.TestRunner.privateRun(TestRunner.java:794)
at org.testng.TestRunner.run(TestRunner.java:596)
at org.testng.SuiteRunner.runTest(SuiteRunner.java:377)
at org.testng.SuiteRunner.runSequentially(SuiteRunner.java:371)
at org.testng.SuiteRunner.privateRun(SuiteRunner.java:332)
at org.testng.SuiteRunner.run(SuiteRunner.java:276)
at org.testng.SuiteRunnerWorker.runSuite(SuiteRunnerWorker.java:53)
at org.testng.SuiteRunnerWorker.run(SuiteRunnerWorker.java:96)
at org.testng.TestNG.runSuitesSequentially(TestNG.java:1212)
at org.testng.TestNG.runSuitesLocally(TestNG.java:1134)
at org.testng.TestNG.runSuites(TestNG.java:1063)
at org.testng.TestNG.run(TestNG.java:1031)
at org.testng.remote.AbstractRemoteTestNG.run(AbstractRemoteTestNG.java:115)
at org.testng.remote.RemoteTestNG.initAndRun(RemoteTestNG.java:251)
at org.testng.remote.RemoteTestNG.main(RemoteTestNG.java:77)
]]>
            </full-stacktrace>
          </exception> <!-- java.lang.AssertionError -->
          <reporter-output>
          </reporter-output>
        </test-method> <!-- tc003_featured_gearofcontentcreators_flow -->
        <test-method status="PASS" signature="tc004_featured_legotoys_flow()[pri:0, instance:bestbuy.testcases.MenuBarFeaturedTestCase@76a3e297]" name="tc004_featured_legotoys_flow" duration-ms="43864" started-at="2023-05-25T18:03:04 IST" finished-at="2023-05-25T18:03:48 IST">
          <reporter-output>
          </reporter-output>
        </test-method> <!-- tc004_featured_legotoys_flow -->
        <test-method status="PASS" signature="tc005_featured_teentechcenter_flow()[pri:0, instance:bestbuy.testcases.MenuBarFeaturedTestCase@76a3e297]" name="tc005_featured_teentechcenter_flow" duration-ms="6402" started-at="2023-05-25T18:03:48 IST" finished-at="2023-05-25T18:03:54 IST">
          <reporter-output>
          </reporter-output>
        </test-method> <!-- tc005_featured_teentechcenter_flow -->
        <test-method status="PASS" signature="tc006_featured_homesecuritysolutions_flow()[pri:0, instance:bestbuy.testcases.MenuBarFeaturedTestCase@76a3e297]" name="tc006_featured_homesecuritysolutions_flow" duration-ms="5393" started-at="2023-05-25T18:03:54 IST" finished-at="2023-05-25T18:04:00 IST">
          <reporter-output>
          </reporter-output>
        </test-method> <!-- tc006_featured_homesecuritysolutions_flow -->
      </class> <!-- bestbuy.testcases.MenuBarFeaturedTestCase -->
      <class name="bestbuy.testcases.SignupTestCase">
        <test-method status="PASS" signature="beforeClass()[pri:0, instance:bestbuy.testcases.SignupTestCase@1a3869f4]" name="beforeClass" is-config="true" duration-ms="6" started-at="2023-05-25T17:59:08 IST" finished-at="2023-05-25T17:59:08 IST">
          <reporter-output>
          </reporter-output>
        </test-method> <!-- beforeClass -->
        <test-method status="PASS" signature="tc001_Signup_fName_Validation()[pri:0, instance:bestbuy.testcases.SignupTestCase@1a3869f4]" name="tc001_Signup_fName_Validation" duration-ms="15206" started-at="2023-05-25T17:59:08 IST" finished-at="2023-05-25T17:59:24 IST">
          <reporter-output>
          </reporter-output>
        </test-method> <!-- tc001_Signup_fName_Validation -->
        <test-method status="PASS" signature="tc002_Signup_lName_Validation()[pri:0, instance:bestbuy.testcases.SignupTestCase@1a3869f4]" name="tc002_Signup_lName_Validation" duration-ms="11555" started-at="2023-05-25T17:59:24 IST" finished-at="2023-05-25T17:59:35 IST">
          <reporter-output>
          </reporter-output>
        </test-method> <!-- tc002_Signup_lName_Validation -->
        <test-method status="PASS" signature="tc004_Signup_Pwd_Validation()[pri:0, instance:bestbuy.testcases.SignupTestCase@1a3869f4]" name="tc004_Signup_Pwd_Validation" duration-ms="10236" started-at="2023-05-25T17:59:35 IST" finished-at="2023-05-25T17:59:45 IST">
          <reporter-output>
          </reporter-output>
        </test-method> <!-- tc004_Signup_Pwd_Validation -->
        <test-method status="PASS" signature="tc005_Signup_RePwd_Validation2()[pri:0, instance:bestbuy.testcases.SignupTestCase@1a3869f4]" name="tc005_Signup_RePwd_Validation2" duration-ms="9601" started-at="2023-05-25T17:59:45 IST" finished-at="2023-05-25T17:59:55 IST">
          <reporter-output>
          </reporter-output>
        </test-method> <!-- tc005_Signup_RePwd_Validation2 -->
        <test-method status="PASS" signature="tc006_Signup_Phone_Validation()[pri:0, instance:bestbuy.testcases.SignupTestCase@1a3869f4]" name="tc006_Signup_Phone_Validation" duration-ms="17364" started-at="2023-05-25T17:59:55 IST" finished-at="2023-05-25T18:00:12 IST">
          <reporter-output>
          </reporter-output>
        </test-method> <!-- tc006_Signup_Phone_Validation -->
        <test-method status="FAIL" signature="tc007_Signup_Flow()[pri:0, instance:bestbuy.testcases.SignupTestCase@1a3869f4]" name="tc007_Signup_Flow" duration-ms="7627" started-at="2023-05-25T18:00:12 IST" finished-at="2023-05-25T18:00:20 IST">
          <exception class="java.lang.AssertionError">
            <message>
              <![CDATA[expected [Best Buy: Create an Account] but found [Account Home - Best Buy]]]>
            </message>
            <full-stacktrace>
              <![CDATA[java.lang.AssertionError: expected [Best Buy: Create an Account] but found [Account Home - Best Buy]
at org.testng.Assert.fail(Assert.java:99)
at org.testng.Assert.failNotEquals(Assert.java:1037)
at org.testng.Assert.assertEqualsImpl(Assert.java:140)
at org.testng.Assert.assertEquals(Assert.java:122)
at org.testng.Assert.assertEquals(Assert.java:629)
at org.testng.Assert.assertEquals(Assert.java:639)
at bestbuy.testcases.SignupTestCase.tc007_Signup_Flow(SignupTestCase.java:77)
at sun.reflect.NativeMethodAccessorImpl.invoke0(Native Method)
at sun.reflect.NativeMethodAccessorImpl.invoke(NativeMethodAccessorImpl.java:62)
at sun.reflect.DelegatingMethodAccessorImpl.invoke(DelegatingMethodAccessorImpl.java:43)
at java.lang.reflect.Method.invoke(Method.java:498)
at org.testng.internal.MethodInvocationHelper.invokeMethod(MethodInvocationHelper.java:133)
at org.testng.internal.TestInvoker.invokeMethod(TestInvoker.java:598)
at org.testng.internal.TestInvoker.invokeTestMethod(TestInvoker.java:173)
at org.testng.internal.MethodRunner.runInSequence(MethodRunner.java:46)
at org.testng.internal.TestInvoker$MethodInvocationAgent.invoke(TestInvoker.java:824)
at org.testng.internal.TestInvoker.invokeTestMethods(TestInvoker.java:146)
at org.testng.internal.TestMethodWorker.invokeTestMethods(TestMethodWorker.java:146)
at org.testng.internal.TestMethodWorker.run(TestMethodWorker.java:128)
at java.util.ArrayList.forEach(ArrayList.java:1257)
at org.testng.TestRunner.privateRun(TestRunner.java:794)
at org.testng.TestRunner.run(TestRunner.java:596)
at org.testng.SuiteRunner.runTest(SuiteRunner.java:377)
at org.testng.SuiteRunner.runSequentially(SuiteRunner.java:371)
at org.testng.SuiteRunner.privateRun(SuiteRunner.java:332)
at org.testng.SuiteRunner.run(SuiteRunner.java:276)
at org.testng.SuiteRunnerWorker.runSuite(SuiteRunnerWorker.java:53)
at org.testng.SuiteRunnerWorker.run(SuiteRunnerWorker.java:96)
at org.testng.TestNG.runSuitesSequentially(TestNG.java:1212)
at org.testng.TestNG.runSuitesLocally(TestNG.java:1134)
at org.testng.TestNG.runSuites(TestNG.java:1063)
at org.testng.TestNG.run(TestNG.java:1031)
at org.testng.remote.AbstractRemoteTestNG.run(AbstractRemoteTestNG.java:115)
at org.testng.remote.RemoteTestNG.initAndRun(RemoteTestNG.java:251)
at org.testng.remote.RemoteTestNG.main(RemoteTestNG.java:77)
]]>
            </full-stacktrace>
          </exception> <!-- java.lang.AssertionError -->
          <reporter-output>
          </reporter-output>
        </test-method> <!-- tc007_Signup_Flow -->
      </class> <!-- bestbuy.testcases.SignupTestCase -->
      <class name="bestbuy.testcases.MenuBarBrandsTestCase">
        <test-method status="PASS" signature="beforClass()[pri:0, instance:bestbuy.testcases.MenuBarBrandsTestCase@3aeaafa6]" name="beforClass" is-config="true" duration-ms="4" started-at="2023-05-25T18:01:14 IST" finished-at="2023-05-25T18:01:14 IST">
          <reporter-output>
          </reporter-output>
        </test-method> <!-- beforClass -->
        <test-method status="PASS" signature="tc001_brands_bestbybrands_flow()[pri:0, instance:bestbuy.testcases.MenuBarBrandsTestCase@3aeaafa6]" name="tc001_brands_bestbybrands_flow" duration-ms="6010" started-at="2023-05-25T18:01:14 IST" finished-at="2023-05-25T18:01:20 IST">
          <reporter-output>
          </reporter-output>
        </test-method> <!-- tc001_brands_bestbybrands_flow -->
        <test-method status="PASS" signature="tc002_brands_apple_flow()[pri:0, instance:bestbuy.testcases.MenuBarBrandsTestCase@3aeaafa6]" name="tc002_brands_apple_flow" duration-ms="5451" started-at="2023-05-25T18:01:20 IST" finished-at="2023-05-25T18:01:25 IST">
          <reporter-output>
          </reporter-output>
        </test-method> <!-- tc002_brands_apple_flow -->
        <test-method status="PASS" signature="tc003_brands_samsung_flow()[pri:0, instance:bestbuy.testcases.MenuBarBrandsTestCase@3aeaafa6]" name="tc003_brands_samsung_flow" duration-ms="5712" started-at="2023-05-25T18:01:25 IST" finished-at="2023-05-25T18:01:31 IST">
          <reporter-output>
          </reporter-output>
        </test-method> <!-- tc003_brands_samsung_flow -->
        <test-method status="PASS" signature="tc004_brands_microsoft_flow()[pri:0, instance:bestbuy.testcases.MenuBarBrandsTestCase@3aeaafa6]" name="tc004_brands_microsoft_flow" duration-ms="4813" started-at="2023-05-25T18:01:31 IST" finished-at="2023-05-25T18:01:36 IST">
          <reporter-output>
          </reporter-output>
        </test-method> <!-- tc004_brands_microsoft_flow -->
        <test-method status="PASS" signature="tc005_brands_intel_flow()[pri:0, instance:bestbuy.testcases.MenuBarBrandsTestCase@3aeaafa6]" name="tc005_brands_intel_flow" duration-ms="5521" started-at="2023-05-25T18:01:36 IST" finished-at="2023-05-25T18:01:41 IST">
          <reporter-output>
          </reporter-output>
        </test-method> <!-- tc005_brands_intel_flow -->
        <test-method status="PASS" signature="tc005_brands_sony_flow()[pri:0, instance:bestbuy.testcases.MenuBarBrandsTestCase@3aeaafa6]" name="tc005_brands_sony_flow" duration-ms="7957" started-at="2023-05-25T18:01:41 IST" finished-at="2023-05-25T18:01:49 IST">
          <reporter-output>
          </reporter-output>
        </test-method> <!-- tc005_brands_sony_flow -->
        <test-method status="PASS" signature="tc005_brands_yardbird_flow()[pri:0, instance:bestbuy.testcases.MenuBarBrandsTestCase@3aeaafa6]" name="tc005_brands_yardbird_flow" duration-ms="3247" started-at="2023-05-25T18:01:49 IST" finished-at="2023-05-25T18:01:52 IST">
          <reporter-output>
          </reporter-output>
        </test-method> <!-- tc005_brands_yardbird_flow -->
      </class> <!-- bestbuy.testcases.MenuBarBrandsTestCase -->
      <class name="bestbuy.testcases.BrandItemsToCartTestCase">
        <test-method status="PASS" signature="beforClass()[pri:0, instance:bestbuy.testcases.BrandItemsToCartTestCase@6121c9d6]" name="beforClass" is-config="true" duration-ms="2" started-at="2023-05-25T18:04:50 IST" finished-at="2023-05-25T18:04:50 IST">
          <reporter-output>
          </reporter-output>
        </test-method> <!-- beforClass -->
        <test-method status="PASS" signature="tc001_cart_flow()[pri:0, instance:bestbuy.testcases.BrandItemsToCartTestCase@6121c9d6]" name="tc001_cart_flow" duration-ms="14992" started-at="2023-05-25T18:04:50 IST" finished-at="2023-05-25T18:05:05 IST">
          <reporter-output>
          </reporter-output>
        </test-method> <!-- tc001_cart_flow -->
      </class> <!-- bestbuy.testcases.BrandItemsToCartTestCase -->
      <class name="bestbuy.testcases.MenuBarSupportTestCases">
        <test-method status="PASS" signature="beforeClass()[pri:0, instance:bestbuy.testcases.MenuBarSupportTestCases@4d3167f4]" name="beforeClass" is-config="true" duration-ms="3" started-at="2023-05-25T18:04:00 IST" finished-at="2023-05-25T18:04:00 IST">
          <reporter-output>
          </reporter-output>
        </test-method> <!-- beforeClass -->
        <test-method status="PASS" signature="tc001_servicesVisitCenter_flow()[pri:0, instance:bestbuy.testcases.MenuBarSupportTestCases@4d3167f4]" name="tc001_servicesVisitCenter_flow" duration-ms="6451" started-at="2023-05-25T18:04:00 IST" finished-at="2023-05-25T18:04:06 IST">
          <reporter-output>
          </reporter-output>
        </test-method> <!-- tc001_servicesVisitCenter_flow -->
        <test-method status="PASS" signature="tc002_services_ScheduleService_flow()[pri:0, instance:bestbuy.testcases.MenuBarSupportTestCases@4d3167f4]" name="tc002_services_ScheduleService_flow" duration-ms="5633" started-at="2023-05-25T18:04:06 IST" finished-at="2023-05-25T18:04:12 IST">
          <reporter-output>
          </reporter-output>
        </test-method> <!-- tc002_services_ScheduleService_flow -->
        <test-method status="PASS" signature="tc003_services_ScheduleService_flow()[pri:0, instance:bestbuy.testcases.MenuBarSupportTestCases@4d3167f4]" name="tc003_services_ScheduleService_flow" duration-ms="5456" started-at="2023-05-25T18:04:12 IST" finished-at="2023-05-25T18:04:17 IST">
          <reporter-output>
          </reporter-output>
        </test-method> <!-- tc003_services_ScheduleService_flow -->
        <test-method status="FAIL" signature="tc004_services_ManageAppointment_flow()[pri:0, instance:bestbuy.testcases.MenuBarSupportTestCases@4d3167f4]" name="tc004_services_ManageAppointment_flow" duration-ms="5707" started-at="2023-05-25T18:04:17 IST" finished-at="2023-05-25T18:04:23 IST">
          <exception class="java.lang.AssertionError">
            <message>
              <![CDATA[expected [Service History - Best Buy] but found [Appointment Finder - Best Buy]]]>
            </message>
            <full-stacktrace>
              <![CDATA[java.lang.AssertionError: expected [Service History - Best Buy] but found [Appointment Finder - Best Buy]
at org.testng.Assert.fail(Assert.java:99)
at org.testng.Assert.failNotEquals(Assert.java:1037)
at org.testng.Assert.assertEqualsImpl(Assert.java:140)
at org.testng.Assert.assertEquals(Assert.java:122)
at org.testng.Assert.assertEquals(Assert.java:629)
at org.testng.Assert.assertEquals(Assert.java:639)
at bestbuy.testcases.MenuBarSupportTestCases.tc004_services_ManageAppointment_flow(MenuBarSupportTestCases.java:59)
at sun.reflect.NativeMethodAccessorImpl.invoke0(Native Method)
at sun.reflect.NativeMethodAccessorImpl.invoke(NativeMethodAccessorImpl.java:62)
at sun.reflect.DelegatingMethodAccessorImpl.invoke(DelegatingMethodAccessorImpl.java:43)
at java.lang.reflect.Method.invoke(Method.java:498)
at org.testng.internal.MethodInvocationHelper.invokeMethod(MethodInvocationHelper.java:133)
at org.testng.internal.TestInvoker.invokeMethod(TestInvoker.java:598)
at org.testng.internal.TestInvoker.invokeTestMethod(TestInvoker.java:173)
at org.testng.internal.MethodRunner.runInSequence(MethodRunner.java:46)
at org.testng.internal.TestInvoker$MethodInvocationAgent.invoke(TestInvoker.java:824)
at org.testng.internal.TestInvoker.invokeTestMethods(TestInvoker.java:146)
at org.testng.internal.TestMethodWorker.invokeTestMethods(TestMethodWorker.java:146)
at org.testng.internal.TestMethodWorker.run(TestMethodWorker.java:128)
at java.util.ArrayList.forEach(ArrayList.java:1257)
at org.testng.TestRunner.privateRun(TestRunner.java:794)
at org.testng.TestRunner.run(TestRunner.java:596)
at org.testng.SuiteRunner.runTest(SuiteRunner.java:377)
at org.testng.SuiteRunner.runSequentially(SuiteRunner.java:371)
at org.testng.SuiteRunner.privateRun(SuiteRunner.java:332)
at org.testng.SuiteRunner.run(SuiteRunner.java:276)
at org.testng.SuiteRunnerWorker.runSuite(SuiteRunnerWorker.java:53)
at org.testng.SuiteRunnerWorker.run(SuiteRunnerWorker.java:96)
at org.testng.TestNG.runSuitesSequentially(TestNG.java:1212)
at org.testng.TestNG.runSuitesLocally(TestNG.java:1134)
at org.testng.TestNG.runSuites(TestNG.java:1063)
at org.testng.TestNG.run(TestNG.java:1031)
at org.testng.remote.AbstractRemoteTestNG.run(AbstractRemoteTestNG.java:115)
at org.testng.remote.RemoteTestNG.initAndRun(RemoteTestNG.java:251)
at org.testng.remote.RemoteTestNG.main(RemoteTestNG.java:77)
]]>
            </full-stacktrace>
          </exception> <!-- java.lang.AssertionError -->
          <reporter-output>
          </reporter-output>
        </test-method> <!-- tc004_services_ManageAppointment_flow -->
        <test-method status="PASS" signature="tc005_services_checkrepairstatus_flow()[pri:0, instance:bestbuy.testcases.MenuBarSupportTestCases@4d3167f4]" name="tc005_services_checkrepairstatus_flow" duration-ms="4445" started-at="2023-05-25T18:04:23 IST" finished-at="2023-05-25T18:04:27 IST">
          <reporter-output>
          </reporter-output>
        </test-method> <!-- tc005_services_checkrepairstatus_flow -->
        <test-method status="PASS" signature="tc005_services_shopwithanexpert_flow()[pri:0, instance:bestbuy.testcases.MenuBarSupportTestCases@4d3167f4]" name="tc005_services_shopwithanexpert_flow" duration-ms="5222" started-at="2023-05-25T18:04:27 IST" finished-at="2023-05-25T18:04:33 IST">
          <reporter-output>
          </reporter-output>
        </test-method> <!-- tc005_services_shopwithanexpert_flow -->
        <test-method status="PASS" signature="tc006_services_freehomeconsultation_flow()[pri:0, instance:bestbuy.testcases.MenuBarSupportTestCases@4d3167f4]" name="tc006_services_freehomeconsultation_flow" duration-ms="6781" started-at="2023-05-25T18:04:33 IST" finished-at="2023-05-25T18:04:39 IST">
          <reporter-output>
          </reporter-output>
        </test-method> <!-- tc006_services_freehomeconsultation_flow -->
      </class> <!-- bestbuy.testcases.MenuBarSupportTestCases -->
      <class name="bestbuy.testcases.CheckOutItemsTestCase">
        <test-method status="PASS" signature="beforClass()[pri:0, instance:bestbuy.testcases.CheckOutItemsTestCase@4eb7f003]" name="beforClass" is-config="true" duration-ms="2" started-at="2023-05-25T18:05:18 IST" finished-at="2023-05-25T18:05:18 IST">
          <reporter-output>
          </reporter-output>
        </test-method> <!-- beforClass -->
        <test-method status="FAIL" signature="tc001_checkOut()[pri:0, instance:bestbuy.testcases.CheckOutItemsTestCase@4eb7f003]" name="tc001_checkOut" duration-ms="13845" started-at="2023-05-25T18:05:18 IST" finished-at="2023-05-25T18:05:32 IST">
          <exception class="org.openqa.selenium.ElementClickInterceptedException">
            <message>
              <![CDATA[element click intercepted: Element <div class="bby-cart gvp-cart-icon-lv">...</div> is not clickable at point (955, 36). Other element would receive the click: <div class="row">...</div>
  (Session info: chrome=113.0.5672.127)
Build info: version: '3.141.59', revision: 'e82be7d358', time: '2018-11-14T08:17:03'
System info: host: 'DESKTOP-NKO2PM4', ip: '192.168.1.100', os.name: 'Windows 10', os.arch: 'amd64', os.version: '10.0', java.version: '1.8.0_202'
Driver info: org.openqa.selenium.chrome.ChromeDriver
Capabilities {acceptInsecureCerts: false, browserName: chrome, browserVersion: 113.0.5672.127, chrome: {chromedriverVersion: 113.0.5672.63 (0e1a4471d5ae..., userDataDir: C:\Users\admin\AppData\Loca...}, goog:chromeOptions: {debuggerAddress: localhost:62800}, javascriptEnabled: true, networkConnectionEnabled: false, pageLoadStrategy: normal, platform: WINDOWS, platformName: WINDOWS, proxy: Proxy(), setWindowRect: true, strictFileInteractability: false, timeouts: {implicit: 0, pageLoad: 300000, script: 30000}, unhandledPromptBehavior: dismiss and notify, webauthn:extension:credBlob: true, webauthn:extension:largeBlob: true, webauthn:extension:minPinLength: true, webauthn:extension:prf: true, webauthn:virtualAuthenticators: true}
Session ID: d6e638094156fd3ba48dbfe7cdf5ba8b]]>
            </message>
            <full-stacktrace>
              <![CDATA[org.openqa.selenium.ElementClickInterceptedException: element click intercepted: Element <div class="bby-cart gvp-cart-icon-lv">...</div> is not clickable at point (955, 36). Other element would receive the click: <div class="row">...</div>
  (Session info: chrome=113.0.5672.127)
Build info: version: '3.141.59', revision: 'e82be7d358', time: '2018-11-14T08:17:03'
System info: host: 'DESKTOP-NKO2PM4', ip: '192.168.1.100', os.name: 'Windows 10', os.arch: 'amd64', os.version: '10.0', java.version: '1.8.0_202'
Driver info: org.openqa.selenium.chrome.ChromeDriver
Capabilities {acceptInsecureCerts: false, browserName: chrome, browserVersion: 113.0.5672.127, chrome: {chromedriverVersion: 113.0.5672.63 (0e1a4471d5ae..., userDataDir: C:\Users\admin\AppData\Loca...}, goog:chromeOptions: {debuggerAddress: localhost:62800}, javascriptEnabled: true, networkConnectionEnabled: false, pageLoadStrategy: normal, platform: WINDOWS, platformName: WINDOWS, proxy: Proxy(), setWindowRect: true, strictFileInteractability: false, timeouts: {implicit: 0, pageLoad: 300000, script: 30000}, unhandledPromptBehavior: dismiss and notify, webauthn:extension:credBlob: true, webauthn:extension:largeBlob: true, webauthn:extension:minPinLength: true, webauthn:extension:prf: true, webauthn:virtualAuthenticators: true}
Session ID: d6e638094156fd3ba48dbfe7cdf5ba8b
at sun.reflect.NativeConstructorAccessorImpl.newInstance0(Native Method)
at sun.reflect.NativeConstructorAccessorImpl.newInstance(NativeConstructorAccessorImpl.java:62)
at sun.reflect.DelegatingConstructorAccessorImpl.newInstance(DelegatingConstructorAccessorImpl.java:45)
at java.lang.reflect.Constructor.newInstance(Constructor.java:423)
at org.openqa.selenium.remote.http.W3CHttpResponseCodec.createException(W3CHttpResponseCodec.java:187)
at org.openqa.selenium.remote.http.W3CHttpResponseCodec.decode(W3CHttpResponseCodec.java:122)
at org.openqa.selenium.remote.http.W3CHttpResponseCodec.decode(W3CHttpResponseCodec.java:49)
at org.openqa.selenium.remote.HttpCommandExecutor.execute(HttpCommandExecutor.java:158)
at org.openqa.selenium.remote.service.DriverCommandExecutor.execute(DriverCommandExecutor.java:83)
at org.openqa.selenium.remote.RemoteWebDriver.execute(RemoteWebDriver.java:552)
at org.openqa.selenium.remote.RemoteWebElement.execute(RemoteWebElement.java:285)
at org.openqa.selenium.remote.RemoteWebElement.click(RemoteWebElement.java:84)
at sun.reflect.GeneratedMethodAccessor2.invoke(Unknown Source)
at sun.reflect.DelegatingMethodAccessorImpl.invoke(DelegatingMethodAccessorImpl.java:43)
at java.lang.reflect.Method.invoke(Method.java:498)
at org.openqa.selenium.support.pagefactory.internal.LocatingElementHandler.invoke(LocatingElementHandler.java:51)
at com.sun.proxy.$Proxy9.click(Unknown Source)
at bestbuy.pages.CheckOutItems.checkOutItems(CheckOutItems.java:62)
at bestbuy.testcases.CheckOutItemsTestCase.tc001_checkOut(CheckOutItemsTestCase.java:26)
at sun.reflect.NativeMethodAccessorImpl.invoke0(Native Method)
at sun.reflect.NativeMethodAccessorImpl.invoke(NativeMethodAccessorImpl.java:62)
at sun.reflect.DelegatingMethodAccessorImpl.invoke(DelegatingMethodAccessorImpl.java:43)
at java.lang.reflect.Method.invoke(Method.java:498)
at org.testng.internal.MethodInvocationHelper.invokeMethod(MethodInvocationHelper.java:133)
at org.testng.internal.TestInvoker.invokeMethod(TestInvoker.java:598)
at org.testng.internal.TestInvoker.invokeTestMethod(TestInvoker.java:173)
at org.testng.internal.MethodRunner.runInSequence(MethodRunner.java:46)
at org.testng.internal.TestInvoker$MethodInvocationAgent.invoke(TestInvoker.java:824)
at org.testng.internal.TestInvoker.invokeTestMethods(TestInvoker.java:146)
at org.testng.internal.TestMethodWorker.invokeTestMethods(TestMethodWorker.java:146)
at org.testng.internal.TestMethodWorker.run(TestMethodWorker.java:128)
at java.util.ArrayList.forEach(ArrayList.java:1257)
at org.testng.TestRunner.privateRun(TestRunner.java:794)
at org.testng.TestRunner.run(TestRunner.java:596)
at org.testng.SuiteRunner.runTest(SuiteRunner.java:377)
at org.testng.SuiteRunner.runSequentially(SuiteRunner.java:371)
at org.testng.SuiteRunner.privateRun(SuiteRunner.java:332)
at org.testng.SuiteRunner.run(SuiteRunner.java:276)
at org.testng.SuiteRunnerWorker.runSuite(SuiteRunnerWorker.java:53)
at org.testng.SuiteRunnerWorker.run(SuiteRunnerWorker.java:96)
at org.testng.TestNG.runSuitesSequentially(TestNG.java:1212)
at org.testng.TestNG.runSuitesLocally(TestNG.java:1134)
at org.testng.TestNG.runSuites(TestNG.java:1063)
at org.testng.TestNG.run(TestNG.java:1031)
at org.testng.remote.AbstractRemoteTestNG.run(AbstractRemoteTestNG.java:115)
at org.testng.remote.RemoteTestNG.initAndRun(RemoteTestNG.java:251)
at org.testng.remote.RemoteTestNG.main(RemoteTestNG.java:77)
]]>
            </full-stacktrace>
          </exception> <!-- org.openqa.selenium.ElementClickInterceptedException -->
          <reporter-output>
          </reporter-output>
        </test-method> <!-- tc001_checkOut -->
      </class> <!-- bestbuy.testcases.CheckOutItemsTestCase -->
    </test> <!-- Test -->
  </suite> <!-- Suite -->
</testng-results>
